<?xml version="1.0" encoding="UTF-8"?>
<testng-results skipped="0" failed="0" total="1" passed="1">
  <reporter-output>
    <line>
      <![CDATA[Browser Opened]]>
    </line>
  </reporter-output>
  <suite name="Default suite" duration-ms="19715" started-at="2016-12-28T09:07:24Z" finished-at="2016-12-28T09:07:44Z">
    <groups>
    </groups>
    <test name="Default test" duration-ms="19715" started-at="2016-12-28T09:07:24Z" finished-at="2016-12-28T09:07:44Z">
      <class name="WMP.Front.common.MainPage">
        <test-method status="PASS" signature="beforeTest()[pri:0, instance:WMP.Front.common.MainPage@4dfa3a9d]" name="beforeTest" is-config="true" duration-ms="16828" started-at="2016-12-28T18:07:24Z" finished-at="2016-12-28T18:07:41Z">
          <reporter-output>
            <line>
              <![CDATA[Browser Opened]]>
            </line>
          </reporter-output>
        </test-method> <!-- beforeTest -->
        <test-method status="PASS" signature="mypage()[pri:0, instance:WMP.Front.common.MainPage@4dfa3a9d]" name="mypage" duration-ms="2855" started-at="2016-12-28T18:07:41Z" finished-at="2016-12-28T18:07:44Z">
          <reporter-output>
          </reporter-output>
        </test-method> <!-- mypage -->
        <test-method status="PASS" signature="afterTest()[pri:0, instance:WMP.Front.common.MainPage@4dfa3a9d]" name="afterTest" is-config="true" duration-ms="1" started-at="2016-12-28T18:07:44Z" finished-at="2016-12-28T18:07:44Z">
          <reporter-output>
          </reporter-output>
        </test-method> <!-- afterTest -->
      </class> <!-- WMP.Front.common.MainPage -->
    </test> <!-- Default test -->
  </suite> <!-- Default suite -->
</testng-results>
