<?xml version="1.0" encoding="UTF-8"?>
<testng-results skipped="0" failed="0" total="1" passed="1">
  <reporter-output>
  </reporter-output>
  <suite name="Default suite" duration-ms="19646" started-at="2016-12-27T08:28:27Z" finished-at="2016-12-27T08:28:46Z">
    <groups>
    </groups>
    <test name="Default test" duration-ms="19646" started-at="2016-12-27T08:28:27Z" finished-at="2016-12-27T08:28:46Z">
      <class name="WMP.Front.common.test">
        <test-method status="PASS" signature="beforeTest()[pri:0, instance:WMP.Front.common.test@146ba0ac]" name="beforeTest" is-config="true" duration-ms="10998" started-at="2016-12-27T17:28:27Z" finished-at="2016-12-27T17:28:38Z">
          <reporter-output>
          </reporter-output>
        </test-method> <!-- beforeTest -->
        <test-method status="PASS" signature="Right_Promotion_Banner()[pri:0, instance:WMP.Front.common.test@146ba0ac]" name="Right_Promotion_Banner" duration-ms="8596" started-at="2016-12-27T17:28:38Z" finished-at="2016-12-27T17:28:46Z">
          <reporter-output>
          </reporter-output>
        </test-method> <!-- Right_Promotion_Banner -->
      </class> <!-- WMP.Front.common.test -->
    </test> <!-- Default test -->
  </suite> <!-- Default suite -->
</testng-results>
